yarn run v1.22.19
$ storybook build --output-dir /var/folders/zh/grnb5sp565n1z82bsnr8wvvw0000gn/T/chromatic--58739-64plg3yqBKg6
@storybook/cli v8.0.9

info => Cleaning outputDir: ../../../../../var/folders/zh/grnb5sp565n1z82bsnr8wvvw0000gn/T/chromatic--58739-64plg3yqBKg6
info => Loading presets
info Found existing addon "@storybook/addon-docs", skipping.
info Found existing addon "@storybook/addon-controls", skipping.
info Found existing addon "@storybook/addon-backgrounds", skipping.
info Found existing addon "@storybook/addon-viewport", skipping.
info Found existing addon "@storybook/addon-toolbars", skipping.
info Found existing addon "@storybook/addon-docs", skipping.
info Found existing addon "@storybook/addon-controls", skipping.
info Found existing addon "@storybook/addon-backgrounds", skipping.
info Found existing addon "@storybook/addon-viewport", skipping.
info Found existing addon "@storybook/addon-toolbars", skipping.
info => Building manager..
info => Manager built (106 ms)
info => Building preview..
WARN No story files found for the specified pattern: src/**/*.mdx
info Addon-docs: using MDX3
info => Using implicit CSS loaders
info => Using SWC as compiler
info => [@storybook/addon-styling-webpack] Applying custom Storybook webpack configuration styling.
info => Using default Webpack5 setup
info Using tsconfig paths for react-docgen
WARN export 'PAGE_SEGMENT_KEY' (imported as 'PAGE_SEGMENT_KEY') was not found in 'next/dist/shared/lib/segment' (possible exports: __esModule, isGroupSegment)
WARN asset size limit: The following asset(s) exceed the recommended size limit (244 KiB).
WARN This can impact web performance.
WARN Assets: 
WARN   458.56a58958.iframe.bundle.js (825 KiB)
WARN   399.b086bbd7.iframe.bundle.js (3.75 MiB)
WARN   933.079b3e67.iframe.bundle.js (1.65 MiB)
WARN   519.e393a918.iframe.bundle.js (629 KiB)
WARN entrypoint size limit: The following entrypoint(s) combined asset size exceeds the recommended limit (244 KiB). This can impact web performance.
WARN Entrypoints:
WARN   main (1.66 MiB)
WARN       runtime~main.6bbf744e.iframe.bundle.js
WARN       933.079b3e67.iframe.bundle.js
WARN       main.1eec99fc.iframe.bundle.js
WARN 
info => Preview built (16 s)
info => Output directory: /var/folders/zh/grnb5sp565n1z82bsnr8wvvw0000gn/T/chromatic--58739-64plg3yqBKg6
Done in 18.83s.
